2024/01/18 08:47:44 
2024/01/18 08:47:44                - - - - FEEDBACK - - - -   
2024/01/18 08:47:44 FEEDBACK: 2b588f38d1bc40bf85fc91397bc98465:
2024/01/18 08:47:44 =========================================================================================
2024/01/18 08:47:49 
2024/01/18 08:47:49                - - - - FEEDBACK - - - -   
2024/01/18 08:47:49 FEEDBACK: 2b588f38d1bc40bf85fc91397bc98465:
2024/01/18 08:47:49 =========================================================================================
2024/01/18 08:47:52 
2024/01/18 08:47:52                - - - - FEEDBACK - - - -   
2024/01/18 08:47:52 FEEDBACK: 2b588f38d1bc40bf85fc91397bc98465:
2024/01/18 08:47:52 =========================================================================================
2024/01/18 08:48:41 
2024/01/18 08:48:41                - - - - FEEDBACK - - - -   
2024/01/18 08:48:41 FEEDBACK: 2b588f38d1bc40bf85fc91397bc98465:
2024/01/18 08:48:41 =========================================================================================
2024/01/18 08:48:43 
2024/01/18 08:48:43                - - - - FEEDBACK - - - -   
2024/01/18 08:48:43 FEEDBACK: 2b588f38d1bc40bf85fc91397bc98465:
2024/01/18 08:48:43 =========================================================================================
2024/01/18 08:48:45 
2024/01/18 08:48:45                - - - - FEEDBACK - - - -   
2024/01/18 08:48:45 FEEDBACK: 2b588f38d1bc40bf85fc91397bc98465:
2024/01/18 08:48:45 =========================================================================================
2024/01/18 08:48:47 
2024/01/18 08:48:47                - - - - FEEDBACK - - - -   
2024/01/18 08:48:47 FEEDBACK: 2b588f38d1bc40bf85fc91397bc98465:
2024/01/18 08:48:47 =========================================================================================
2024/01/18 08:48:48 
2024/01/18 08:48:48                - - - - FEEDBACK - - - -   
2024/01/18 08:48:48 FEEDBACK: 2b588f38d1bc40bf85fc91397bc98465:
2024/01/18 08:48:48 =========================================================================================
2024/01/18 08:51:39 
2024/01/18 08:51:39                - - - - FEEDBACK - - - -   
2024/01/18 08:51:39 FEEDBACK: 2b588f38d1bc40bf85fc91397bc98465:
2024/01/18 08:51:39 =========================================================================================
2024/01/18 08:51:40 
2024/01/18 08:51:40                - - - - FEEDBACK - - - -   
2024/01/18 08:51:40 FEEDBACK: 2b588f38d1bc40bf85fc91397bc98465:
2024/01/18 08:51:40 =========================================================================================
2024/01/18 08:51:43 
2024/01/18 08:51:43                - - - - FEEDBACK - - - -   
2024/01/18 08:51:43 FEEDBACK: 2b588f38d1bc40bf85fc91397bc98465:
2024/01/18 08:51:43 =========================================================================================
2024/01/18 08:51:44 
2024/01/18 08:51:44                - - - - FEEDBACK - - - -   
2024/01/18 08:51:44 FEEDBACK: 2b588f38d1bc40bf85fc91397bc98465:
2024/01/18 08:51:44 =========================================================================================
2024/01/18 08:52:34 
2024/01/18 08:52:34                - - - - FEEDBACK - - - -   
2024/01/18 08:52:34 FEEDBACK: 2b588f38d1bc40bf85fc91397bc98465:
2024/01/18 08:52:34 =========================================================================================
2024/01/18 08:52:48 
2024/01/18 08:52:48                - - - - FEEDBACK - - - -   
2024/01/18 08:52:48 FEEDBACK: 2b588f38d1bc40bf85fc91397bc98465:
2024/01/18 08:52:48 =========================================================================================
2024/01/18 08:52:51 
2024/01/18 08:52:51                - - - - FEEDBACK - - - -   
2024/01/18 08:52:51 FEEDBACK: 2b588f38d1bc40bf85fc91397bc98465:
2024/01/18 08:52:51 =========================================================================================
2024/01/18 08:52:52 
2024/01/18 08:52:52                - - - - FEEDBACK - - - -   
2024/01/18 08:52:52 FEEDBACK: 2b588f38d1bc40bf85fc91397bc98465:
2024/01/18 08:52:52 =========================================================================================
2024/01/18 09:00:50 
2024/01/18 09:00:50                - - - - FEEDBACK - - - -   
2024/01/18 09:00:50 FEEDBACK: 2b588f38d1bc40bf85fc91397bc98465:
2024/01/18 09:00:50 =========================================================================================
2024/01/18 09:01:20 
2024/01/18 09:01:20                - - - - FEEDBACK - - - -   
2024/01/18 09:01:20 FEEDBACK: 2b588f38d1bc40bf85fc91397bc98465:
2024/01/18 09:01:20 =========================================================================================
2024/01/18 09:23:34 
2024/01/18 09:23:34                - - - - FEEDBACK - - - -   
2024/01/18 09:23:34 FEEDBACK: 2b588f38d1bc40bf85fc91397bc98467:
2024/01/18 09:23:34 =========================================================================================
2024/01/18 09:23:52 
2024/01/18 09:23:52                - - - - FEEDBACK - - - -   
2024/01/18 09:23:52 FEEDBACK: 2b588f38d1bc40bf85fc91397bc98465:
2024/01/18 09:23:52 =========================================================================================
2024/01/18 13:20:23 
2024/01/18 13:20:23                - - - - FEEDBACK - - - -   
2024/01/18 13:20:23 FEEDBACK: 2b588f38d1bc40bf85fc91397bc98465:
2024/01/18 13:20:23 =========================================================================================
2024/01/18 13:20:28 
2024/01/18 13:20:28                - - - - FEEDBACK - - - -   
2024/01/18 13:20:28 FEEDBACK: 2b588f38d1bc40bf85fc91397bc98465:
2024/01/18 13:20:28 =========================================================================================
2024/01/18 13:20:59 
2024/01/18 13:20:59                - - - - FEEDBACK - - - -   
2024/01/18 13:20:59 FEEDBACK: 2b588f38d1bc40bf85fc91397bc98467:
2024/01/18 13:20:59 =========================================================================================
2024/01/18 13:22:18 
2024/01/18 13:22:18                - - - - FEEDBACK - - - -   
2024/01/18 13:22:18 FEEDBACK: 2b588f38d1bc40bf85fc91397bc98465:
2024/01/18 13:22:18 =========================================================================================
2024/01/18 13:23:43 
2024/01/18 13:23:43                - - - - FEEDBACK - - - -   
2024/01/18 13:23:43 FEEDBACK: 2b588f38d1bc40bf85fc91397bc98465:
2024/01/18 13:23:43 =========================================================================================
2024/01/18 13:23:46 
2024/01/18 13:23:46                - - - - FEEDBACK - - - -   
2024/01/18 13:23:46 FEEDBACK: 2b588f38d1bc40bf85fc91397bc98465:
2024/01/18 13:23:46 =========================================================================================
2024/01/18 13:23:48 
2024/01/18 13:23:48                - - - - FEEDBACK - - - -   
2024/01/18 13:23:48 FEEDBACK: 2b588f38d1bc40bf85fc91397bc98465:
2024/01/18 13:23:48 =========================================================================================
2024/01/18 13:36:12 
2024/01/18 13:36:12                - - - - FEEDBACK - - - -   
2024/01/18 13:36:12 FEEDBACK: 2b588f38d1bc40bf85fc91397bc98465:
2024/01/18 13:36:12 =========================================================================================
2024/01/18 13:36:14 
2024/01/18 13:36:14                - - - - FEEDBACK - - - -   
2024/01/18 13:36:14 FEEDBACK: 2b588f38d1bc40bf85fc91397bc98465:
2024/01/18 13:36:14 =========================================================================================
2024/01/18 13:39:30 
2024/01/18 13:39:30                - - - - FEEDBACK - - - -   
2024/01/18 13:39:30 FEEDBACK: 2b588f38d1bc40bf85fc91397bc98465:
2024/01/18 13:39:30 =========================================================================================
2024/01/18 13:40:15 
2024/01/18 13:40:15                - - - - FEEDBACK - - - -   
2024/01/18 13:40:15 FEEDBACK: 2b588f38d1bc40bf85fc91397bc98465:
2024/01/18 13:40:15 =========================================================================================
2024/01/18 13:40:26 
2024/01/18 13:40:26                - - - - FEEDBACK - - - -   
2024/01/18 13:40:26 FEEDBACK: 2b588f38d1bc40bf85fc91397bc98465:
2024/01/18 13:40:26 =========================================================================================
2024/01/18 13:40:28 
2024/01/18 13:40:28                - - - - FEEDBACK - - - -   
2024/01/18 13:40:28 FEEDBACK: 2b588f38d1bc40bf85fc91397bc98465:
2024/01/18 13:40:28 =========================================================================================
2024/01/18 13:40:28 
2024/01/18 13:40:28                - - - - FEEDBACK - - - -   
2024/01/18 13:40:28 FEEDBACK: 2b588f38d1bc40bf85fc91397bc98465:
2024/01/18 13:40:28 =========================================================================================
2024/01/18 13:40:30 
2024/01/18 13:40:30                - - - - FEEDBACK - - - -   
2024/01/18 13:40:30 FEEDBACK: 2b588f38d1bc40bf85fc91397bc98465:
2024/01/18 13:40:30 =========================================================================================
2024/01/18 13:40:59 
2024/01/18 13:40:59                - - - - FEEDBACK - - - -   
2024/01/18 13:40:59 FEEDBACK: 2b588f38d1bc40bf85fc91397bc98465:
2024/01/18 13:40:59 =========================================================================================
2024/01/18 13:44:53 
2024/01/18 13:44:53                - - - - FEEDBACK - - - -   
2024/01/18 13:44:53 FEEDBACK: 2b588f38d1bc40bf85fc91397bc98465:
2024/01/18 13:44:53 =========================================================================================
2024/01/18 13:44:54 
2024/01/18 13:44:54                - - - - FEEDBACK - - - -   
2024/01/18 13:44:54 FEEDBACK: 2b588f38d1bc40bf85fc91397bc98465:
2024/01/18 13:44:54 =========================================================================================
2024/01/18 13:44:56 
2024/01/18 13:44:56                - - - - FEEDBACK - - - -   
2024/01/18 13:44:56 FEEDBACK: 2b588f38d1bc40bf85fc91397bc98465:
2024/01/18 13:44:56 =========================================================================================
2024/01/18 13:44:57 
2024/01/18 13:44:57                - - - - FEEDBACK - - - -   
2024/01/18 13:44:57 FEEDBACK: 2b588f38d1bc40bf85fc91397bc98465:
2024/01/18 13:44:57 =========================================================================================
2024/01/18 13:44:59 
2024/01/18 13:44:59                - - - - FEEDBACK - - - -   
2024/01/18 13:44:59 FEEDBACK: 2b588f38d1bc40bf85fc91397bc98465:
2024/01/18 13:44:59 =========================================================================================
2024/01/18 13:45:01 
2024/01/18 13:45:01                - - - - FEEDBACK - - - -   
2024/01/18 13:45:01 FEEDBACK: 2b588f38d1bc40bf85fc91397bc98465:
2024/01/18 13:45:01 =========================================================================================
2024/01/18 13:45:05 
2024/01/18 13:45:05                - - - - FEEDBACK - - - -   
2024/01/18 13:45:05 FEEDBACK: 2b588f38d1bc40bf85fc91397bc98465:
2024/01/18 13:45:05 =========================================================================================
2024/01/18 13:45:20 
2024/01/18 13:45:20                - - - - FEEDBACK - - - -   
2024/01/18 13:45:20 FEEDBACK: 2b588f38d1bc40bf85fc91397bc98467:
2024/01/18 13:45:20 =========================================================================================
2024/01/18 14:51:34 
2024/01/18 14:51:34                - - - - ALERT-TRANSACTION - - - -   
2024/01/18 14:51:34 FEEDBACK: e99a18c4-28cb-38d5-f260-853678922e05:e99a18c4-28cb-38d5-f260-853678922e03 GB98MIDL07009312345678 2b588f38-d1bc-40bf-85fc-91397bc98465 DEUTDEFF OwningBank
2024/01/18 14:51:34 NETWORKALERTID: e99a18c4-28cb-38d5-f260-853678922e03
2024/01/18 14:51:34 ACCOUNTID: GB98MIDL07009312345678
2024/01/18 14:51:34 NETWORKID: 2b588f38-d1bc-40bf-85fc-91397bc98465
2024/01/18 14:51:34 OWNINGBANKID: DEUTDEFF
2024/01/18 14:51:34 OWNINGBANKNAME: OwningBank
2024/01/18 14:51:34 =========================================================================================
2024/01/18 15:52:33 
2024/01/18 15:52:33                - - - - Feedback - - - -   
2024/01/18 15:52:33 FEEDBACK: 2b588f38d1bc40bf85fc91397bc98465:
2024/01/18 15:52:33 =========================================================================================
2024/01/18 15:52:41 
2024/01/18 15:52:41                - - - - Feedback - - - -   
2024/01/18 15:52:41 FEEDBACK: 2b588f38d1bc40bf85fc91397bc98465:
2024/01/18 15:52:41 =========================================================================================
2024/01/18 15:53:02 
2024/01/18 15:53:02                - - - - Feedback - - - -   
2024/01/18 15:53:02 FEEDBACK: 2b588f38d1bc40bf85fc91397bc98465:
2024/01/18 15:53:02 =========================================================================================
2024/01/18 15:54:15 
2024/01/18 15:54:15                - - - - Feedback - - - -   
2024/01/18 15:54:15 FEEDBACK: 2b588f38d1bc40bf85fc91397bc98465:
2024/01/18 15:54:15 =========================================================================================
2024/01/18 15:54:46 
2024/01/18 15:54:46                - - - - Feedback - - - -   
2024/01/18 15:54:46 FEEDBACK: 2b588f38d1bc40bf85fc91397bc98465:
2024/01/18 15:54:46 =========================================================================================
2024/01/18 16:02:59 
2024/01/18 16:02:59                - - - - Feedback - - - -   
2024/01/18 16:02:59 FEEDBACK: 2b588f38d1bc40bf85fc91397bc98465:
2024/01/18 16:02:59 =========================================================================================
2024/01/18 16:04:02 
2024/01/18 16:04:02                - - - - Feedback - - - -   
2024/01/18 16:04:02 FEEDBACK: 2b588f38d1bc40bf85fc91397bc98465:
2024/01/18 16:04:02 =========================================================================================
2024/01/18 16:04:38 
2024/01/18 16:04:38                - - - - Feedback - - - -   
2024/01/18 16:04:38 FEEDBACK: 2b588f38d1bc40bf85fc91397bc98467:
2024/01/18 16:04:38 =========================================================================================
