2024/01/17 16:00:28 
2024/01/17 16:00:28                - - - -  Alert-Transaction - - - -   
2024/01/17 16:00:28 ID: e99a18c428cb38d5f260853678922e03: 3 2b588f38-d1bc-40bf-85fc-91397bc98465 e99a18c428cb38d5f260853678922e03 2b588f38-d1bc-40bf-85fc-91397bc98465 2017-07-21 17:32:28.001 +0000 UTC 2017-07-21 17:32:28.001 +0000 UTC GB98MIDL07009312345678 GB98MIDL07009312345678 DEUTDEFF Barclays DEUTDEFF Lloyds 10034 rent 10 Main St 4 GBP FPS 3 years 6 mons 4 days 12:30:05 FRAUD 0.87  0001-01-01 00:00:00 +0000 UTC 
2024/01/17 16:00:28 COUNT: 3
2024/01/17 16:00:28 NETWORKALERTID: e99a18c428cb38d5f260853678922e03
2024/01/17 16:00:28 NETWORKID: 2b588f38-d1bc-40bf-85fc-91397bc98465
2024/01/17 16:00:28 TIME: 2017-07-21 17:32:28.001 +0000 UTC
2024/01/17 16:00:28 TXNTIME: 2017-07-21 17:32:28.001 +0000 UTC
2024/01/17 16:00:28 SOURCEID: GB98MIDL07009312345678
2024/01/17 16:00:28 DESTID: GB98MIDL07009312345678
2024/01/17 16:00:28 SOURCEBANKID: DEUTDEFF
2024/01/17 16:00:28 SOURCEBANKNAME: Barclays
2024/01/17 16:00:28 DESTBANKID: DEUTDEFF
2024/01/17 16:00:28 DESTBANKNAME: Lloyds
2024/01/17 16:00:28 VALUE: 10034
2024/01/17 16:00:28 REMITINFO: rent 10 Main St
2024/01/17 16:00:28 GENERATION: 4
2024/01/17 16:00:28 CURRENCY: GBP
2024/01/17 16:00:28 SERVICE: FPS
2024/01/17 16:00:28 DWELLTIME: 3 years 6 mons 4 days 12:30:05
2024/01/17 16:00:28 TRACETYPE: FRAUD
2024/01/17 16:00:28 MULESCORE: 0.87
2024/01/17 16:00:28 PARENTALERTID: 
2024/01/17 16:00:28 DECISIONDATE: 
2024/01/17 16:00:28 MOSTRECENTFEEDBACK: 
2024/01/17 16:00:28 =========================================================================================
2024/01/17 16:00:45 
2024/01/17 16:00:45                - - - -  Alert-Transaction - - - -   
2024/01/17 16:00:45 ID: e99a18c428cb38d5f260853678922e03: 3 2b588f38-d1bc-40bf-85fc-91397bc98465 e99a18c428cb38d5f260853678922e03 2b588f38-d1bc-40bf-85fc-91397bc98465 2017-07-21 17:32:28.001 +0000 UTC 2017-07-21 17:32:28.001 +0000 UTC GB98MIDL07009312345678 GB98MIDL07009312345678 DEUTDEFF Barclays DEUTDEFF Lloyds 10034 rent 10 Main St 4 GBP FPS 3 years 6 mons 4 days 12:30:05 FRAUD 0.87  0001-01-01 00:00:00 +0000 UTC 
2024/01/17 16:00:45 COUNT: 3
2024/01/17 16:00:45 NETWORKALERTID: e99a18c428cb38d5f260853678922e03
2024/01/17 16:00:45 NETWORKID: 2b588f38-d1bc-40bf-85fc-91397bc98465
2024/01/17 16:00:45 TIME: 2017-07-21 17:32:28.001 +0000 UTC
2024/01/17 16:00:45 TXNTIME: 2017-07-21 17:32:28.001 +0000 UTC
2024/01/17 16:00:45 SOURCEID: GB98MIDL07009312345678
2024/01/17 16:00:45 DESTID: GB98MIDL07009312345678
2024/01/17 16:00:45 SOURCEBANKID: DEUTDEFF
2024/01/17 16:00:45 SOURCEBANKNAME: Barclays
2024/01/17 16:00:45 DESTBANKID: DEUTDEFF
2024/01/17 16:00:45 DESTBANKNAME: Lloyds
2024/01/17 16:00:45 VALUE: 10034
2024/01/17 16:00:45 REMITINFO: rent 10 Main St
2024/01/17 16:00:45 GENERATION: 4
2024/01/17 16:00:45 CURRENCY: GBP
2024/01/17 16:00:45 SERVICE: FPS
2024/01/17 16:00:45 DWELLTIME: 3 years 6 mons 4 days 12:30:05
2024/01/17 16:00:45 TRACETYPE: FRAUD
2024/01/17 16:00:45 MULESCORE: 0.87
2024/01/17 16:00:45 PARENTALERTID: 
2024/01/17 16:00:45 DECISIONDATE: 
2024/01/17 16:00:45 MOSTRECENTFEEDBACK: 
2024/01/17 16:00:45 =========================================================================================
2024/01/17 16:01:43 
2024/01/17 16:01:43                - - - -  Alert-Transaction - - - -   
2024/01/17 16:01:43 ID: e99a18c428cb38d5f260853678922e03: 3 2b588f38-d1bc-40bf-85fc-91397bc98465 e99a18c428cb38d5f260853678922e03 2b588f38-d1bc-40bf-85fc-91397bc98465 2017-07-21 17:32:28.001 +0000 UTC 2017-07-21 17:32:28.001 +0000 UTC GB98MIDL07009312345678 GB98MIDL07009312345678 DEUTDEFF Barclays DEUTDEFF Lloyds 10034 rent 10 Main St 4 GBP FPS 3 years 6 mons 4 days 12:30:05 FRAUD 0.87  0001-01-01 00:00:00 +0000 UTC 
2024/01/17 16:01:43 COUNT: 3
2024/01/17 16:01:43 NETWORKALERTID: e99a18c428cb38d5f260853678922e03
2024/01/17 16:01:43 NETWORKID: 2b588f38-d1bc-40bf-85fc-91397bc98465
2024/01/17 16:01:43 TIME: 2017-07-21 17:32:28.001 +0000 UTC
2024/01/17 16:01:43 TXNTIME: 2017-07-21 17:32:28.001 +0000 UTC
2024/01/17 16:01:43 SOURCEID: GB98MIDL07009312345678
2024/01/17 16:01:43 DESTID: GB98MIDL07009312345678
2024/01/17 16:01:43 SOURCEBANKID: DEUTDEFF
2024/01/17 16:01:43 SOURCEBANKNAME: Barclays
2024/01/17 16:01:43 DESTBANKID: DEUTDEFF
2024/01/17 16:01:43 DESTBANKNAME: Lloyds
2024/01/17 16:01:43 VALUE: 10034
2024/01/17 16:01:43 REMITINFO: rent 10 Main St
2024/01/17 16:01:43 GENERATION: 4
2024/01/17 16:01:43 CURRENCY: GBP
2024/01/17 16:01:43 SERVICE: FPS
2024/01/17 16:01:43 DWELLTIME: 3 years 6 mons 4 days 12:30:05
2024/01/17 16:01:43 TRACETYPE: FRAUD
2024/01/17 16:01:43 MULESCORE: 0.87
2024/01/17 16:01:43 PARENTALERTID: 
2024/01/17 16:01:43 DECISIONDATE: 
2024/01/17 16:01:43 MOSTRECENTFEEDBACK: 
2024/01/17 16:01:43 =========================================================================================
2024/01/17 16:01:53 
2024/01/17 16:01:53                - - - -  Alert-Transaction - - - -   
2024/01/17 16:01:53 ID: e99a18c428cb38d5f260853678922e03: 3 2b588f38-d1bc-40bf-85fc-91397bc98465 e99a18c428cb38d5f260853678922e03 2b588f38-d1bc-40bf-85fc-91397bc98465 2017-07-21 17:32:28.001 +0000 UTC 2017-07-21 17:32:28.001 +0000 UTC GB98MIDL07009312345678 GB98MIDL07009312345678 DEUTDEFF Barclays DEUTDEFF Lloyds 10034 rent 10 Main St 4 GBP FPS 3 years 6 mons 4 days 12:30:05 FRAUD 0.87  0001-01-01 00:00:00 +0000 UTC 
2024/01/17 16:01:53 COUNT: 3
2024/01/17 16:01:53 NETWORKALERTID: e99a18c428cb38d5f260853678922e03
2024/01/17 16:01:53 NETWORKID: 2b588f38-d1bc-40bf-85fc-91397bc98465
2024/01/17 16:01:53 TIME: 2017-07-21 17:32:28.001 +0000 UTC
2024/01/17 16:01:53 TXNTIME: 2017-07-21 17:32:28.001 +0000 UTC
2024/01/17 16:01:53 SOURCEID: GB98MIDL07009312345678
2024/01/17 16:01:53 DESTID: GB98MIDL07009312345678
2024/01/17 16:01:53 SOURCEBANKID: DEUTDEFF
2024/01/17 16:01:53 SOURCEBANKNAME: Barclays
2024/01/17 16:01:53 DESTBANKID: DEUTDEFF
2024/01/17 16:01:53 DESTBANKNAME: Lloyds
2024/01/17 16:01:53 VALUE: 10034
2024/01/17 16:01:53 REMITINFO: rent 10 Main St
2024/01/17 16:01:53 GENERATION: 4
2024/01/17 16:01:53 CURRENCY: GBP
2024/01/17 16:01:53 SERVICE: FPS
2024/01/17 16:01:53 DWELLTIME: 3 years 6 mons 4 days 12:30:05
2024/01/17 16:01:53 TRACETYPE: FRAUD
2024/01/17 16:01:53 MULESCORE: 0.87
2024/01/17 16:01:53 PARENTALERTID: 
2024/01/17 16:01:53 DECISIONDATE: 
2024/01/17 16:01:53 MOSTRECENTFEEDBACK: 
2024/01/17 16:01:53 =========================================================================================
2024/01/17 16:09:21 
2024/01/17 16:09:21                - - - -  Alert-Transaction - - - -   
2024/01/17 16:09:21 ID: e99a18c428cb38d5f260853678922e03: 3 2b588f38-d1bc-40bf-85fc-91397bc98465 e99a18c428cb38d5f260853678922e03 2b588f38-d1bc-40bf-85fc-91397bc98465 2017-07-21 17:32:28.001 +0000 UTC 2017-07-21 17:32:28.001 +0000 UTC GB98MIDL07009312345678 GB98MIDL07009312345678 DEUTDEFF Barclays DEUTDEFF Lloyds 10034 rent 10 Main St 4 GBP FPS 3 years 6 mons 4 days 12:30:05 FRAUD 0.87  0001-01-01 00:00:00 +0000 UTC 
2024/01/17 16:09:21 COUNT: 3
2024/01/17 16:09:21 NETWORKALERTID: e99a18c428cb38d5f260853678922e03
2024/01/17 16:09:21 NETWORKID: 2b588f38-d1bc-40bf-85fc-91397bc98465
2024/01/17 16:09:21 TIME: 2017-07-21 17:32:28.001 +0000 UTC
2024/01/17 16:09:21 TXNTIME: 2017-07-21 17:32:28.001 +0000 UTC
2024/01/17 16:09:21 SOURCEID: GB98MIDL07009312345678
2024/01/17 16:09:21 DESTID: GB98MIDL07009312345678
2024/01/17 16:09:21 SOURCEBANKID: DEUTDEFF
2024/01/17 16:09:21 SOURCEBANKNAME: Barclays
2024/01/17 16:09:21 DESTBANKID: DEUTDEFF
2024/01/17 16:09:21 DESTBANKNAME: Lloyds
2024/01/17 16:09:21 VALUE: 10034
2024/01/17 16:09:21 REMITINFO: rent 10 Main St
2024/01/17 16:09:21 GENERATION: 4
2024/01/17 16:09:21 CURRENCY: GBP
2024/01/17 16:09:21 SERVICE: FPS
2024/01/17 16:09:21 DWELLTIME: 3 years 6 mons 4 days 12:30:05
2024/01/17 16:09:21 TRACETYPE: FRAUD
2024/01/17 16:09:21 MULESCORE: 0.87
2024/01/17 16:09:21 PARENTALERTID: 
2024/01/17 16:09:21 DECISIONDATE: 
2024/01/17 16:09:21 MOSTRECENTFEEDBACK: 
2024/01/17 16:09:21 =========================================================================================
