2024/01/16 17:54:00 
2024/01/16 17:54:00                - - - -  ALERTTRANSACTION - - - -   
2024/01/16 17:54:00 ID: e99a18c428cb38d5f260853678922e03: 3 2b588f38-d1bc-40bf-85fc-91397bc98465 e99a18c428cb38d5f260853678922e03 2b588f38-d1bc-40bf-85fc-91397bc98465 2017-07-21 17:32:28.001 +0000 UTC 2017-07-21 17:32:28.001 +0000 UTC GB98MIDL07009312345678 GB98MIDL07009312345678 DEUTDEFF Barclays DEUTDEFF Lloyds 10034 rent 10 Main St 4 GBP FPS 3 years 6 mons 4 days 12:30:05 FRAUD 0.87  0001-01-01 00:00:00 +0000 UTC 
2024/01/16 17:54:00 COUNT: 3
2024/01/16 17:54:00 NETWORKALERTID: e99a18c428cb38d5f260853678922e03
2024/01/16 17:54:00 NETWORKID: 2b588f38-d1bc-40bf-85fc-91397bc98465
2024/01/16 17:54:00 TIME: 2017-07-21 17:32:28.001 +0000 UTC
2024/01/16 17:54:00 TXNTIME: 2017-07-21 17:32:28.001 +0000 UTC
2024/01/16 17:54:00 SOURCEID: GB98MIDL07009312345678
2024/01/16 17:54:00 DESTID: GB98MIDL07009312345678
2024/01/16 17:54:00 SOURCEBANKID: DEUTDEFF
2024/01/16 17:54:00 SOURCEBANKNAME: Barclays
2024/01/16 17:54:00 DESTBANKID: DEUTDEFF
2024/01/16 17:54:00 DESTBANKNAME: Lloyds
2024/01/16 17:54:00 VALUE: 10034
2024/01/16 17:54:00 REMITINFO: rent 10 Main St
2024/01/16 17:54:00 GENERATION: 4
2024/01/16 17:54:00 CURRENCY: GBP
2024/01/16 17:54:00 SERVICE: FPS
2024/01/16 17:54:00 DWELLTIME: 3 years 6 mons 4 days 12:30:05
2024/01/16 17:54:00 TRACETYPE: FRAUD
2024/01/16 17:54:00 MULESCORE: 0.87
2024/01/16 17:54:00 PARENTALERTID: 
2024/01/16 17:54:00 DECISIONDATE: 
2024/01/16 17:54:00 MOSTRECENTFEEDBACK: 
2024/01/16 17:54:00 =========================================================================================
2024/01/16 18:03:30 
2024/01/16 18:03:30                - - - -  ALERTTRANSACTION - - - -   
2024/01/16 18:03:30 ID: e99a18c428cb38d5f260853678922e03: 3 2b588f38-d1bc-40bf-85fc-91397bc98465 e99a18c428cb38d5f260853678922e03 2b588f38-d1bc-40bf-85fc-91397bc98465 2017-07-21 17:32:28.001 +0000 UTC 2017-07-21 17:32:28.001 +0000 UTC GB98MIDL07009312345678 GB98MIDL07009312345678 DEUTDEFF Barclays DEUTDEFF Lloyds 10034 rent 10 Main St 4 GBP FPS 3 years 6 mons 4 days 12:30:05 FRAUD 0.87  0001-01-01 00:00:00 +0000 UTC 
2024/01/16 18:03:30 COUNT: 3
2024/01/16 18:03:30 NETWORKALERTID: e99a18c428cb38d5f260853678922e03
2024/01/16 18:03:30 NETWORKID: 2b588f38-d1bc-40bf-85fc-91397bc98465
2024/01/16 18:03:30 TIME: 2017-07-21 17:32:28.001 +0000 UTC
2024/01/16 18:03:30 TXNTIME: 2017-07-21 17:32:28.001 +0000 UTC
2024/01/16 18:03:30 SOURCEID: GB98MIDL07009312345678
2024/01/16 18:03:30 DESTID: GB98MIDL07009312345678
2024/01/16 18:03:30 SOURCEBANKID: DEUTDEFF
2024/01/16 18:03:30 SOURCEBANKNAME: Barclays
2024/01/16 18:03:30 DESTBANKID: DEUTDEFF
2024/01/16 18:03:30 DESTBANKNAME: Lloyds
2024/01/16 18:03:30 VALUE: 10034
2024/01/16 18:03:30 REMITINFO: rent 10 Main St
2024/01/16 18:03:30 GENERATION: 4
2024/01/16 18:03:30 CURRENCY: GBP
2024/01/16 18:03:30 SERVICE: FPS
2024/01/16 18:03:30 DWELLTIME: 3 years 6 mons 4 days 12:30:05
2024/01/16 18:03:30 TRACETYPE: FRAUD
2024/01/16 18:03:30 MULESCORE: 0.87
2024/01/16 18:03:30 PARENTALERTID: 
2024/01/16 18:03:30 DECISIONDATE: 
2024/01/16 18:03:30 MOSTRECENTFEEDBACK: 
2024/01/16 18:03:30 =========================================================================================
2024/01/16 18:03:38 
2024/01/16 18:03:38                - - - -  ALERTTRANSACTION - - - -   
2024/01/16 18:03:38 ID: e99a18c428cb38d5f260853678922e03: 3 2b588f38-d1bc-40bf-85fc-91397bc98465 e99a18c428cb38d5f260853678922e03 2b588f38-d1bc-40bf-85fc-91397bc98465 2017-07-21 17:32:28.001 +0000 UTC 2017-07-21 17:32:28.001 +0000 UTC GB98MIDL07009312345678 GB98MIDL07009312345678 DEUTDEFF Barclays DEUTDEFF Lloyds 10034 rent 10 Main St 4 GBP FPS 3 years 6 mons 4 days 12:30:05 FRAUD 0.87  0001-01-01 00:00:00 +0000 UTC 
2024/01/16 18:03:38 COUNT: 3
2024/01/16 18:03:38 NETWORKALERTID: e99a18c428cb38d5f260853678922e03
2024/01/16 18:03:38 NETWORKID: 2b588f38-d1bc-40bf-85fc-91397bc98465
2024/01/16 18:03:38 TIME: 2017-07-21 17:32:28.001 +0000 UTC
2024/01/16 18:03:38 TXNTIME: 2017-07-21 17:32:28.001 +0000 UTC
2024/01/16 18:03:38 SOURCEID: GB98MIDL07009312345678
2024/01/16 18:03:38 DESTID: GB98MIDL07009312345678
2024/01/16 18:03:38 SOURCEBANKID: DEUTDEFF
2024/01/16 18:03:38 SOURCEBANKNAME: Barclays
2024/01/16 18:03:38 DESTBANKID: DEUTDEFF
2024/01/16 18:03:38 DESTBANKNAME: Lloyds
2024/01/16 18:03:38 VALUE: 10034
2024/01/16 18:03:38 REMITINFO: rent 10 Main St
2024/01/16 18:03:38 GENERATION: 4
2024/01/16 18:03:38 CURRENCY: GBP
2024/01/16 18:03:38 SERVICE: FPS
2024/01/16 18:03:38 DWELLTIME: 3 years 6 mons 4 days 12:30:05
2024/01/16 18:03:38 TRACETYPE: FRAUD
2024/01/16 18:03:38 MULESCORE: 0.87
2024/01/16 18:03:38 PARENTALERTID: 
2024/01/16 18:03:38 DECISIONDATE: 
2024/01/16 18:03:38 MOSTRECENTFEEDBACK: 
2024/01/16 18:03:38 =========================================================================================
2024/01/16 18:39:53 
2024/01/16 18:39:53                - - - -  Alert-Transaction - - - -   
2024/01/16 18:39:53 ID: e99a18c428cb38d5f260853678922e03: 3 2b588f38-d1bc-40bf-85fc-91397bc98465 e99a18c428cb38d5f260853678922e03 2b588f38-d1bc-40bf-85fc-91397bc98465 2017-07-21 17:32:28.001 +0000 UTC 2017-07-21 17:32:28.001 +0000 UTC GB98MIDL07009312345678 GB98MIDL07009312345678 DEUTDEFF Barclays DEUTDEFF Lloyds 10034 rent 10 Main St 4 GBP FPS 3 years 6 mons 4 days 12:30:05 FRAUD 0.87  0001-01-01 00:00:00 +0000 UTC 
2024/01/16 18:39:53 COUNT: 3
2024/01/16 18:39:53 NETWORKALERTID: e99a18c428cb38d5f260853678922e03
2024/01/16 18:39:53 NETWORKID: 2b588f38-d1bc-40bf-85fc-91397bc98465
2024/01/16 18:39:53 TIME: 2017-07-21 17:32:28.001 +0000 UTC
2024/01/16 18:39:53 TXNTIME: 2017-07-21 17:32:28.001 +0000 UTC
2024/01/16 18:39:53 SOURCEID: GB98MIDL07009312345678
2024/01/16 18:39:53 DESTID: GB98MIDL07009312345678
2024/01/16 18:39:53 SOURCEBANKID: DEUTDEFF
2024/01/16 18:39:53 SOURCEBANKNAME: Barclays
2024/01/16 18:39:53 DESTBANKID: DEUTDEFF
2024/01/16 18:39:53 DESTBANKNAME: Lloyds
2024/01/16 18:39:53 VALUE: 10034
2024/01/16 18:39:53 REMITINFO: rent 10 Main St
2024/01/16 18:39:53 GENERATION: 4
2024/01/16 18:39:53 CURRENCY: GBP
2024/01/16 18:39:53 SERVICE: FPS
2024/01/16 18:39:53 DWELLTIME: 3 years 6 mons 4 days 12:30:05
2024/01/16 18:39:53 TRACETYPE: FRAUD
2024/01/16 18:39:53 MULESCORE: 0.87
2024/01/16 18:39:53 PARENTALERTID: 
2024/01/16 18:39:53 DECISIONDATE: 
2024/01/16 18:39:53 MOSTRECENTFEEDBACK: 
2024/01/16 18:39:53 =========================================================================================
2024/01/16 20:08:38 
2024/01/16 20:08:38                - - - -  Alert-Transaction - - - -   
2024/01/16 20:08:38 ID: e99a18c428cb38d5f260853678922e03: 3 2b588f38-d1bc-40bf-85fc-91397bc98465 e99a18c428cb38d5f260853678922e03 2b588f38-d1bc-40bf-85fc-91397bc98465 2017-07-21 17:32:28.001 +0000 UTC 2017-07-21 17:32:28.001 +0000 UTC GB98MIDL07009312345678 GB98MIDL07009312345678 DEUTDEFF Barclays DEUTDEFF Lloyds 10034 rent 10 Main St 4 GBP FPS 3 years 6 mons 4 days 12:30:05 FRAUD 0.87  0001-01-01 00:00:00 +0000 UTC 
2024/01/16 20:08:38 COUNT: 3
2024/01/16 20:08:38 NETWORKALERTID: e99a18c428cb38d5f260853678922e03
2024/01/16 20:08:38 NETWORKID: 2b588f38-d1bc-40bf-85fc-91397bc98465
2024/01/16 20:08:38 TIME: 2017-07-21 17:32:28.001 +0000 UTC
2024/01/16 20:08:38 TXNTIME: 2017-07-21 17:32:28.001 +0000 UTC
2024/01/16 20:08:38 SOURCEID: GB98MIDL07009312345678
2024/01/16 20:08:38 DESTID: GB98MIDL07009312345678
2024/01/16 20:08:38 SOURCEBANKID: DEUTDEFF
2024/01/16 20:08:38 SOURCEBANKNAME: Barclays
2024/01/16 20:08:38 DESTBANKID: DEUTDEFF
2024/01/16 20:08:38 DESTBANKNAME: Lloyds
2024/01/16 20:08:38 VALUE: 10034
2024/01/16 20:08:38 REMITINFO: rent 10 Main St
2024/01/16 20:08:38 GENERATION: 4
2024/01/16 20:08:38 CURRENCY: GBP
2024/01/16 20:08:38 SERVICE: FPS
2024/01/16 20:08:38 DWELLTIME: 3 years 6 mons 4 days 12:30:05
2024/01/16 20:08:38 TRACETYPE: FRAUD
2024/01/16 20:08:38 MULESCORE: 0.87
2024/01/16 20:08:38 PARENTALERTID: 
2024/01/16 20:08:38 DECISIONDATE: 
2024/01/16 20:08:38 MOSTRECENTFEEDBACK: 
2024/01/16 20:08:38 =========================================================================================
2024/01/16 20:35:01 
2024/01/16 20:35:01                - - - -  Alert-Transaction - - - -   
2024/01/16 20:35:01 ID: e99a18c428cb38d5f260853678922e03: 3 2b588f38-d1bc-40bf-85fc-91397bc98465 e99a18c428cb38d5f260853678922e03 2b588f38-d1bc-40bf-85fc-91397bc98465 2017-07-21 17:32:28.001 +0000 UTC 2017-07-21 17:32:28.001 +0000 UTC GB98MIDL07009312345678 GB98MIDL07009312345678 DEUTDEFF Barclays DEUTDEFF Lloyds 10034 rent 10 Main St 4 GBP FPS 3 years 6 mons 4 days 12:30:05 FRAUD 0.87  0001-01-01 00:00:00 +0000 UTC 
2024/01/16 20:35:01 COUNT: 3
2024/01/16 20:35:01 NETWORKALERTID: e99a18c428cb38d5f260853678922e03
2024/01/16 20:35:01 NETWORKID: 2b588f38-d1bc-40bf-85fc-91397bc98465
2024/01/16 20:35:01 TIME: 2017-07-21 17:32:28.001 +0000 UTC
2024/01/16 20:35:01 TXNTIME: 2017-07-21 17:32:28.001 +0000 UTC
2024/01/16 20:35:01 SOURCEID: GB98MIDL07009312345678
2024/01/16 20:35:01 DESTID: GB98MIDL07009312345678
2024/01/16 20:35:01 SOURCEBANKID: DEUTDEFF
2024/01/16 20:35:01 SOURCEBANKNAME: Barclays
2024/01/16 20:35:01 DESTBANKID: DEUTDEFF
2024/01/16 20:35:01 DESTBANKNAME: Lloyds
2024/01/16 20:35:01 VALUE: 10034
2024/01/16 20:35:01 REMITINFO: rent 10 Main St
2024/01/16 20:35:01 GENERATION: 4
2024/01/16 20:35:01 CURRENCY: GBP
2024/01/16 20:35:01 SERVICE: FPS
2024/01/16 20:35:01 DWELLTIME: 3 years 6 mons 4 days 12:30:05
2024/01/16 20:35:01 TRACETYPE: FRAUD
2024/01/16 20:35:01 MULESCORE: 0.87
2024/01/16 20:35:01 PARENTALERTID: 
2024/01/16 20:35:01 DECISIONDATE: 
2024/01/16 20:35:01 MOSTRECENTFEEDBACK: 
2024/01/16 20:35:01 =========================================================================================
2024/01/16 22:34:18 
2024/01/16 22:34:18                - - - -  Alert-Transaction - - - -   
2024/01/16 22:34:18 ID: e99a18c428cb38d5f260853678922e03: 3 2b588f38-d1bc-40bf-85fc-91397bc98465 e99a18c428cb38d5f260853678922e03 2b588f38-d1bc-40bf-85fc-91397bc98465 2017-07-21 17:32:28.001 +0000 UTC 2017-07-21 17:32:28.001 +0000 UTC GB98MIDL07009312345678 GB98MIDL07009312345678 DEUTDEFF Barclays DEUTDEFF Lloyds 10034 rent 10 Main St 4 GBP FPS 3 years 6 mons 4 days 12:30:05 FRAUD 0.87  0001-01-01 00:00:00 +0000 UTC 
2024/01/16 22:34:18 COUNT: 3
2024/01/16 22:34:18 NETWORKALERTID: e99a18c428cb38d5f260853678922e03
2024/01/16 22:34:18 NETWORKID: 2b588f38-d1bc-40bf-85fc-91397bc98465
2024/01/16 22:34:18 TIME: 2017-07-21 17:32:28.001 +0000 UTC
2024/01/16 22:34:18 TXNTIME: 2017-07-21 17:32:28.001 +0000 UTC
2024/01/16 22:34:18 SOURCEID: GB98MIDL07009312345678
2024/01/16 22:34:18 DESTID: GB98MIDL07009312345678
2024/01/16 22:34:18 SOURCEBANKID: DEUTDEFF
2024/01/16 22:34:18 SOURCEBANKNAME: Barclays
2024/01/16 22:34:18 DESTBANKID: DEUTDEFF
2024/01/16 22:34:18 DESTBANKNAME: Lloyds
2024/01/16 22:34:18 VALUE: 10034
2024/01/16 22:34:18 REMITINFO: rent 10 Main St
2024/01/16 22:34:18 GENERATION: 4
2024/01/16 22:34:18 CURRENCY: GBP
2024/01/16 22:34:18 SERVICE: FPS
2024/01/16 22:34:18 DWELLTIME: 3 years 6 mons 4 days 12:30:05
2024/01/16 22:34:18 TRACETYPE: FRAUD
2024/01/16 22:34:18 MULESCORE: 0.87
2024/01/16 22:34:18 PARENTALERTID: 
2024/01/16 22:34:18 DECISIONDATE: 
2024/01/16 22:34:18 MOSTRECENTFEEDBACK: 
2024/01/16 22:34:18 =========================================================================================
