2024/01/18 15:55:14 
2024/01/18 15:55:14                - - - -  Alert-Transaction - - - -   
2024/01/18 15:55:14 ID: e99a18c428cb38d5f260853678922e03: 3 2b588f38-d1bc-40bf-85fc-91397bc98465 e99a18c428cb38d5f260853678922e03 2b588f38-d1bc-40bf-85fc-91397bc98465 2017-07-21 17:32:28.001 +0000 UTC 2017-07-21 17:32:28.001 +0000 UTC GB98MIDL07009312345678 GB98MIDL07009312345678 DEUTDEFF Barclays DEUTDEFF Lloyds 10034 rent 10 Main St 4 GBP FPS 3 years 6 mons 4 days 12:30:05 FRAUD 0.87  0001-01-01 00:00:00 +0000 UTC 
2024/01/18 15:55:14 COUNT: 3
2024/01/18 15:55:14 NETWORKALERTID: e99a18c428cb38d5f260853678922e03
2024/01/18 15:55:14 NETWORKID: 2b588f38-d1bc-40bf-85fc-91397bc98465
2024/01/18 15:55:14 TIME: 2017-07-21 17:32:28.001 +0000 UTC
2024/01/18 15:55:14 TXNTIME: 2017-07-21 17:32:28.001 +0000 UTC
2024/01/18 15:55:14 SOURCEID: GB98MIDL07009312345678
2024/01/18 15:55:14 DESTID: GB98MIDL07009312345678
2024/01/18 15:55:14 SOURCEBANKID: DEUTDEFF
2024/01/18 15:55:14 SOURCEBANKNAME: Barclays
2024/01/18 15:55:14 DESTBANKID: DEUTDEFF
2024/01/18 15:55:14 DESTBANKNAME: Lloyds
2024/01/18 15:55:14 VALUE: 10034
2024/01/18 15:55:14 REMITINFO: rent 10 Main St
2024/01/18 15:55:14 GENERATION: 4
2024/01/18 15:55:14 CURRENCY: GBP
2024/01/18 15:55:14 SERVICE: FPS
2024/01/18 15:55:14 DWELLTIME: 3 years 6 mons 4 days 12:30:05
2024/01/18 15:55:14 TRACETYPE: FRAUD
2024/01/18 15:55:14 MULESCORE: 0.87
2024/01/18 15:55:14 PARENTALERTID: 
2024/01/18 15:55:14 DECISIONDATE: 
2024/01/18 15:55:14 MOSTRECENTFEEDBACK: 
2024/01/18 15:55:14 =========================================================================================
