2024/01/16 17:53:49 
2024/01/16 17:53:49                - - - - Alert-Account - - - -   
2024/01/16 17:53:49 ID: e99a18c428cb38d5f260853678922e03
2024/01/16 17:53:49 COUNT: 3
2024/01/16 17:53:49 TXNID: 2b588f38-d1bc-40bf-85fc-91397bc98465
2024/01/16 17:53:49 NETWORKALERTID: e99a18c428cb38d5f260853678922e03
2024/01/16 17:53:49 NETWORKID: 2b588f38-d1bc-40bf-85fc-91397bc98465
2024/01/16 17:53:49 SOURCEID: GB98MIDL07009312345678
2024/01/16 17:53:49 DESTID: GB98MIDL07009312345678
2024/01/16 17:53:49 DESTID: DEUTDEFF
2024/01/16 17:53:49 SOURCEBANKNAME: Barclays
2024/01/16 17:53:49 VALUE: 10034
2024/01/16 17:53:49 REMITINFO: rent 10 Main St
2024/01/16 17:53:49 GENERATION: 4
2024/01/16 17:53:49 CURRENCY: GBP
2024/01/16 17:53:49 SERVICE: FPS
2024/01/16 17:53:49 DWELLTIME: 3 years 6 mons 4 days 12:30:05
2024/01/16 17:53:49 TRACETYPE: FRAUD
2024/01/16 17:53:49 MULESCORE: 0.87
2024/01/16 17:53:49 TIME: 2017-07-21 17:32:28.001 +0000 UTC
2024/01/16 17:53:49 TIME: e99a18c428cb38d5f260853678922e03: 3 2b588f38-d1bc-40bf-85fc-91397bc98465 e99a18c428cb38d5f260853678922e03 2b588f38-d1bc-40bf-85fc-91397bc98465 GB98MIDL07009312345678 GB98MIDL07009312345678 DEUTDEFF Barclays 10034 rent 10 Main St 4 GBP FPS 3 years 6 mons 4 days 12:30:05 FRAUD 0.87 2017-07-21 17:32:28.001 +0000 UTC 
2024/01/16 17:53:49 =========================================================================================
2024/01/16 18:03:47 
2024/01/16 18:03:47                - - - - Alert-Account - - - -   
2024/01/16 18:03:47 ID: e99a18c428cb38d5f260853678922e03
2024/01/16 18:03:47 COUNT: 3
2024/01/16 18:03:47 TXNID: 2b588f38-d1bc-40bf-85fc-91397bc98465
2024/01/16 18:03:47 NETWORKALERTID: e99a18c428cb38d5f260853678922e03
2024/01/16 18:03:47 NETWORKID: 2b588f38-d1bc-40bf-85fc-91397bc98465
2024/01/16 18:03:47 SOURCEID: GB98MIDL07009312345678
2024/01/16 18:03:47 DESTID: GB98MIDL07009312345678
2024/01/16 18:03:47 DESTID: DEUTDEFF
2024/01/16 18:03:47 SOURCEBANKNAME: Barclays
2024/01/16 18:03:47 VALUE: 10034
2024/01/16 18:03:47 REMITINFO: rent 10 Main St
2024/01/16 18:03:47 GENERATION: 4
2024/01/16 18:03:47 CURRENCY: GBP
2024/01/16 18:03:47 SERVICE: FPS
2024/01/16 18:03:47 DWELLTIME: 3 years 6 mons 4 days 12:30:05
2024/01/16 18:03:47 TRACETYPE: FRAUD
2024/01/16 18:03:47 MULESCORE: 0.87
2024/01/16 18:03:47 TIME: 2017-07-21 17:32:28.001 +0000 UTC
2024/01/16 18:03:47 TIME: e99a18c428cb38d5f260853678922e03: 3 2b588f38-d1bc-40bf-85fc-91397bc98465 e99a18c428cb38d5f260853678922e03 2b588f38-d1bc-40bf-85fc-91397bc98465 GB98MIDL07009312345678 GB98MIDL07009312345678 DEUTDEFF Barclays 10034 rent 10 Main St 4 GBP FPS 3 years 6 mons 4 days 12:30:05 FRAUD 0.87 2017-07-21 17:32:28.001 +0000 UTC 
2024/01/16 18:03:47 =========================================================================================
2024/01/16 18:09:18 
2024/01/16 18:09:18                - - - - Alert-Account - - - -   
2024/01/16 18:09:18 ID: e99a18c428cb38d5f260853678922e03
2024/01/16 18:09:18 COUNT: 3
2024/01/16 18:09:18 TXNID: 2b588f38-d1bc-40bf-85fc-91397bc98465
2024/01/16 18:09:18 NETWORKALERTID: e99a18c428cb38d5f260853678922e03
2024/01/16 18:09:18 NETWORKID: 2b588f38-d1bc-40bf-85fc-91397bc98465
2024/01/16 18:09:18 SOURCEID: GB98MIDL07009312345678
2024/01/16 18:09:18 DESTID: GB98MIDL07009312345678
2024/01/16 18:09:18 DESTID: DEUTDEFF
2024/01/16 18:09:18 SOURCEBANKNAME: Barclays
2024/01/16 18:09:18 VALUE: 10034
2024/01/16 18:09:18 REMITINFO: rent 10 Main St
2024/01/16 18:09:18 GENERATION: 4
2024/01/16 18:09:18 CURRENCY: GBP
2024/01/16 18:09:18 SERVICE: FPS
2024/01/16 18:09:18 DWELLTIME: 3 years 6 mons 4 days 12:30:05
2024/01/16 18:09:18 TRACETYPE: FRAUD
2024/01/16 18:09:18 MULESCORE: 0.87
2024/01/16 18:09:18 TIME: e99a18c428cb38d5f260853678922e03: 3 2b588f38-d1bc-40bf-85fc-91397bc98465 e99a18c428cb38d5f260853678922e03 2b588f38-d1bc-40bf-85fc-91397bc98465 GB98MIDL07009312345678 GB98MIDL07009312345678 DEUTDEFF Barclays 10034 rent 10 Main St 4 GBP FPS 3 years 6 mons 4 days 12:30:05 FRAUD 0.87 
2024/01/16 18:09:18 =========================================================================================
2024/01/16 18:18:37 
2024/01/16 18:18:37                - - - - Alert-Account - - - -   
2024/01/16 18:18:37 ID: e99a18c428cb38d5f260853678922e03
2024/01/16 18:18:37 COUNT: 3
2024/01/16 18:18:37 TXNID: 2b588f38-d1bc-40bf-85fc-91397bc98465
2024/01/16 18:18:37 NETWORKALERTID: e99a18c428cb38d5f260853678922e03
2024/01/16 18:18:37 NETWORKID: 2b588f38-d1bc-40bf-85fc-91397bc98465
2024/01/16 18:18:37 SOURCEID: GB98MIDL07009312345678
2024/01/16 18:18:37 DESTID: GB98MIDL07009312345678
2024/01/16 18:18:37 DESTID: DEUTDEFF
2024/01/16 18:18:37 SOURCEBANKNAME: Barclays
2024/01/16 18:18:37 VALUE: 10034
2024/01/16 18:18:37 REMITINFO: rent 10 Main St
2024/01/16 18:18:37 GENERATION: 4
2024/01/16 18:18:37 CURRENCY: GBP
2024/01/16 18:18:37 SERVICE: FPS
2024/01/16 18:18:37 DWELLTIME: 3 years 6 mons 4 days 12:30:05
2024/01/16 18:18:37 TRACETYPE: FRAUD
2024/01/16 18:18:37 MULESCORE: 0.87
2024/01/16 18:18:37 TIME: 2017-07-21 17:32:28.001 +0000 UTC
2024/01/16 18:18:37 TIME: e99a18c428cb38d5f260853678922e03: 3 2b588f38-d1bc-40bf-85fc-91397bc98465 e99a18c428cb38d5f260853678922e03 2b588f38-d1bc-40bf-85fc-91397bc98465 GB98MIDL07009312345678 GB98MIDL07009312345678 DEUTDEFF Barclays 10034 rent 10 Main St 4 GBP FPS 3 years 6 mons 4 days 12:30:05 FRAUD 0.87 2017-07-21 17:32:28.001 +0000 UTC 
2024/01/16 18:18:37 =========================================================================================
2024/01/16 22:26:29 
2024/01/16 22:26:29                - - - - Alert-Account - - - -   
2024/01/16 22:26:29 ID: e99a18c428cb38d5f260853678922e03
2024/01/16 22:26:29 COUNT: 3
2024/01/16 22:26:29 TXNID: 2b588f38-d1bc-40bf-85fc-91397bc98465
2024/01/16 22:26:29 NETWORKALERTID: e99a18c428cb38d5f260853678922e03
2024/01/16 22:26:29 NETWORKID: 2b588f38-d1bc-40bf-85fc-91397bc98465
2024/01/16 22:26:29 SOURCEID: GB98MIDL07009312345678
2024/01/16 22:26:29 DESTID: GB98MIDL07009312345678
2024/01/16 22:26:29 DESTID: DEUTDEFF
2024/01/16 22:26:29 SOURCEBANKNAME: Barclays
2024/01/16 22:26:29 VALUE: 10034
2024/01/16 22:26:29 REMITINFO: rent 10 Main St
2024/01/16 22:26:29 GENERATION: 4
2024/01/16 22:26:29 CURRENCY: GBP
2024/01/16 22:26:29 SERVICE: FPS
2024/01/16 22:26:29 DWELLTIME: 3 years 6 mons 4 days 12:30:05
2024/01/16 22:26:29 TRACETYPE: FRAUD
2024/01/16 22:26:29 MULESCORE: 0.87
2024/01/16 22:26:29 TIME: 2017-07-21 17:32:28.001 +0000 UTC
2024/01/16 22:26:29 DECISIONDATE: e99a18c428cb38d5f260853678922e03: 3 2b588f38-d1bc-40bf-85fc-91397bc98465 e99a18c428cb38d5f260853678922e03 2b588f38-d1bc-40bf-85fc-91397bc98465 GB98MIDL07009312345678 GB98MIDL07009312345678 DEUTDEFF Barclays 10034 rent 10 Main St 4 GBP FPS 3 years 6 mons 4 days 12:30:05 FRAUD 0.87 2017-07-21 17:32:28.001 +0000 UTC 
2024/01/16 22:26:29 =========================================================================================
