2024/01/17 16:09:35 
2024/01/17 16:09:35                - - - - Alert-Account - - - -   
2024/01/17 16:09:35 ID: e99a18c428cb38d5f260853678922e03
2024/01/17 16:09:35 COUNT: 3
2024/01/17 16:09:35 TXNID: 2b588f38-d1bc-40bf-85fc-91397bc98465
2024/01/17 16:09:35 NETWORKALERTID: e99a18c428cb38d5f260853678922e03
2024/01/17 16:09:35 NETWORKID: 2b588f38-d1bc-40bf-85fc-91397bc98465
2024/01/17 16:09:35 SOURCEID: GB98MIDL07009312345678
2024/01/17 16:09:35 DESTID: GB98MIDL07009312345678
2024/01/17 16:09:35 DESTID: DEUTDEFF
2024/01/17 16:09:35 SOURCEBANKNAME: Barclays
2024/01/17 16:09:35 VALUE: 10034
2024/01/17 16:09:35 REMITINFO: rent 10 Main St
2024/01/17 16:09:35 GENERATION: 4
2024/01/17 16:09:35 CURRENCY: GBP
2024/01/17 16:09:35 SERVICE: FPS
2024/01/17 16:09:35 DWELLTIME: 3 years 6 mons 4 days 12:30:05
2024/01/17 16:09:35 TRACETYPE: FRAUD
2024/01/17 16:09:35 MULESCORE: 0.87
2024/01/17 16:09:35 TIME: 2017-07-21 17:32:28.001 +0000 UTC
2024/01/17 16:09:35 DECISIONDATE: e99a18c428cb38d5f260853678922e03: 3 2b588f38-d1bc-40bf-85fc-91397bc98465 e99a18c428cb38d5f260853678922e03 2b588f38-d1bc-40bf-85fc-91397bc98465 GB98MIDL07009312345678 GB98MIDL07009312345678 DEUTDEFF Barclays 10034 rent 10 Main St 4 GBP FPS 3 years 6 mons 4 days 12:30:05 FRAUD 0.87 2017-07-21 17:32:28.001 +0000 UTC 
2024/01/17 16:09:35 =========================================================================================
