2024/01/22 13:19:42 
2024/01/22 13:19:42                - - - - Alert-Transaction - - - -   
2024/01/22 13:19:42 FEEDBACK: e99a18c4-28cb-38d5-f260-853678922e03:e99a18c4-28cb-38d5-f260-853678922e03 GB98MIDL07009312345678 2b588f38-d1bc-40bf-85fc-91397bc98465 DEUTDEFF OwningBank
2024/01/22 13:19:42 NETWORKALERTID: e99a18c4-28cb-38d5-f260-853678922e03
2024/01/22 13:19:42 ACCOUNTID: GB98MIDL07009312345678
2024/01/22 13:19:42 NETWORKID: 2b588f38-d1bc-40bf-85fc-91397bc98465
2024/01/22 13:19:42 OWNINGBANKID: DEUTDEFF
2024/01/22 13:19:42 OWNINGBANKNAME: OwningBank
2024/01/22 13:19:42 =========================================================================================
2024/01/22 17:01:27 
2024/01/22 17:01:27                - - - - Alert-Transaction - - - -   
2024/01/22 17:01:27 FEEDBACK: e99a18c4-28cb-38d5-f260-853678922e03:e99a18c4-28cb-38d5-f260-853678922e03 GB98MIDL07009312345678 2b588f38-d1bc-40bf-85fc-91397bc98465 DEUTDEFF OwningBank
2024/01/22 17:01:27 NETWORKALERTID: e99a18c4-28cb-38d5-f260-853678922e03
2024/01/22 17:01:27 ACCOUNTID: GB98MIDL07009312345678
2024/01/22 17:01:27 NETWORKID: 2b588f38-d1bc-40bf-85fc-91397bc98465
2024/01/22 17:01:27 OWNINGBANKID: DEUTDEFF
2024/01/22 17:01:27 OWNINGBANKNAME: OwningBank
2024/01/22 17:01:27 =========================================================================================
2024/01/22 17:01:27 
2024/01/22 17:01:27                - - - - Alert-Transaction - - - -   
2024/01/22 17:01:27 FEEDBACK: e99a18c4-28cb-38d5-f260-853678922e03:e99a18c4-28cb-38d5-f260-853678922e03 GB98MIDL07009312345678 2b588f38-d1bc-40bf-85fc-91397bc98465 DEUTDEFF OwningBank
2024/01/22 17:01:27 NETWORKALERTID: e99a18c4-28cb-38d5-f260-853678922e03
2024/01/22 17:01:27 ACCOUNTID: GB98MIDL07009312345678
2024/01/22 17:01:27 NETWORKID: 2b588f38-d1bc-40bf-85fc-91397bc98465
2024/01/22 17:01:27 OWNINGBANKID: DEUTDEFF
2024/01/22 17:01:27 OWNINGBANKNAME: OwningBank
2024/01/22 17:01:27 =========================================================================================
2024/01/22 17:02:35 
2024/01/22 17:02:35                - - - - Alert-Transaction - - - -   
2024/01/22 17:02:35 FEEDBACK: e99a18c4-28cb-38d5-f260-853678922e03:e99a18c4-28cb-38d5-f260-853678922e03 GB98MIDL07009312345678 2b588f38-d1bc-40bf-85fc-91397bc98465 DEUTDEFF OwningBank
2024/01/22 17:02:35 NETWORKALERTID: e99a18c4-28cb-38d5-f260-853678922e03
2024/01/22 17:02:35 ACCOUNTID: GB98MIDL07009312345678
2024/01/22 17:02:35 NETWORKID: 2b588f38-d1bc-40bf-85fc-91397bc98465
2024/01/22 17:02:35 OWNINGBANKID: DEUTDEFF
2024/01/22 17:02:35 OWNINGBANKNAME: OwningBank
2024/01/22 17:02:35 =========================================================================================
2024/01/22 17:02:41 
2024/01/22 17:02:41                - - - - Alert-Transaction - - - -   
2024/01/22 17:02:41 FEEDBACK: e99a18c4-28cb-38d5-f260-853678922e03:e99a18c4-28cb-38d5-f260-853678922e03 GB98MIDL07009312345678 2b588f38-d1bc-40bf-85fc-91397bc98465 DEUTDEFF OwningBank
2024/01/22 17:02:41 NETWORKALERTID: e99a18c4-28cb-38d5-f260-853678922e03
2024/01/22 17:02:41 ACCOUNTID: GB98MIDL07009312345678
2024/01/22 17:02:41 NETWORKID: 2b588f38-d1bc-40bf-85fc-91397bc98465
2024/01/22 17:02:41 OWNINGBANKID: DEUTDEFF
2024/01/22 17:02:41 OWNINGBANKNAME: OwningBank
2024/01/22 17:02:41 =========================================================================================
2024/01/22 17:02:42 
2024/01/22 17:02:42                - - - - Alert-Transaction - - - -   
2024/01/22 17:02:42 FEEDBACK: e99a18c4-28cb-38d5-f260-853678922e03:e99a18c4-28cb-38d5-f260-853678922e03 GB98MIDL07009312345678 2b588f38-d1bc-40bf-85fc-91397bc98465 DEUTDEFF OwningBank
2024/01/22 17:02:42 NETWORKALERTID: e99a18c4-28cb-38d5-f260-853678922e03
2024/01/22 17:02:42 ACCOUNTID: GB98MIDL07009312345678
2024/01/22 17:02:42 NETWORKID: 2b588f38-d1bc-40bf-85fc-91397bc98465
2024/01/22 17:02:42 OWNINGBANKID: DEUTDEFF
2024/01/22 17:02:42 OWNINGBANKNAME: OwningBank
2024/01/22 17:02:42 =========================================================================================
2024/01/22 17:02:42 
2024/01/22 17:02:42                - - - - Alert-Transaction - - - -   
2024/01/22 17:02:42 FEEDBACK: e99a18c4-28cb-38d5-f260-853678922e03:e99a18c4-28cb-38d5-f260-853678922e03 GB98MIDL07009312345678 2b588f38-d1bc-40bf-85fc-91397bc98465 DEUTDEFF OwningBank
2024/01/22 17:02:42 NETWORKALERTID: e99a18c4-28cb-38d5-f260-853678922e03
2024/01/22 17:02:42 ACCOUNTID: GB98MIDL07009312345678
2024/01/22 17:02:42 NETWORKID: 2b588f38-d1bc-40bf-85fc-91397bc98465
2024/01/22 17:02:42 OWNINGBANKID: DEUTDEFF
2024/01/22 17:02:42 OWNINGBANKNAME: OwningBank
2024/01/22 17:02:42 =========================================================================================
2024/01/22 17:02:43 
2024/01/22 17:02:43                - - - - Alert-Transaction - - - -   
2024/01/22 17:02:43 FEEDBACK: e99a18c4-28cb-38d5-f260-853678922e03:e99a18c4-28cb-38d5-f260-853678922e03 GB98MIDL07009312345678 2b588f38-d1bc-40bf-85fc-91397bc98465 DEUTDEFF OwningBank
2024/01/22 17:02:43 NETWORKALERTID: e99a18c4-28cb-38d5-f260-853678922e03
2024/01/22 17:02:43 ACCOUNTID: GB98MIDL07009312345678
2024/01/22 17:02:43 NETWORKID: 2b588f38-d1bc-40bf-85fc-91397bc98465
2024/01/22 17:02:43 OWNINGBANKID: DEUTDEFF
2024/01/22 17:02:43 OWNINGBANKNAME: OwningBank
2024/01/22 17:02:43 =========================================================================================
2024/01/22 17:02:45 
2024/01/22 17:02:45                - - - - Alert-Transaction - - - -   
2024/01/22 17:02:45 FEEDBACK: e99a18c4-28cb-38d5-f260-853678922e03:e99a18c4-28cb-38d5-f260-853678922e03 GB98MIDL07009312345678 2b588f38-d1bc-40bf-85fc-91397bc98465 DEUTDEFF OwningBank
2024/01/22 17:02:45 NETWORKALERTID: e99a18c4-28cb-38d5-f260-853678922e03
2024/01/22 17:02:45 ACCOUNTID: GB98MIDL07009312345678
2024/01/22 17:02:45 NETWORKID: 2b588f38-d1bc-40bf-85fc-91397bc98465
2024/01/22 17:02:45 OWNINGBANKID: DEUTDEFF
2024/01/22 17:02:45 OWNINGBANKNAME: OwningBank
2024/01/22 17:02:45 =========================================================================================
2024/01/22 17:02:45 
2024/01/22 17:02:45                - - - - Alert-Transaction - - - -   
2024/01/22 17:02:45 FEEDBACK: e99a18c4-28cb-38d5-f260-853678922e03:e99a18c4-28cb-38d5-f260-853678922e03 GB98MIDL07009312345678 2b588f38-d1bc-40bf-85fc-91397bc98465 DEUTDEFF OwningBank
2024/01/22 17:02:45 NETWORKALERTID: e99a18c4-28cb-38d5-f260-853678922e03
2024/01/22 17:02:45 ACCOUNTID: GB98MIDL07009312345678
2024/01/22 17:02:45 NETWORKID: 2b588f38-d1bc-40bf-85fc-91397bc98465
2024/01/22 17:02:45 OWNINGBANKID: DEUTDEFF
2024/01/22 17:02:45 OWNINGBANKNAME: OwningBank
2024/01/22 17:02:45 =========================================================================================
2024/01/22 17:02:46 
2024/01/22 17:02:46                - - - - Alert-Transaction - - - -   
2024/01/22 17:02:46 FEEDBACK: e99a18c4-28cb-38d5-f260-853678922e03:e99a18c4-28cb-38d5-f260-853678922e03 GB98MIDL07009312345678 2b588f38-d1bc-40bf-85fc-91397bc98465 DEUTDEFF OwningBank
2024/01/22 17:02:46 NETWORKALERTID: e99a18c4-28cb-38d5-f260-853678922e03
2024/01/22 17:02:46 ACCOUNTID: GB98MIDL07009312345678
2024/01/22 17:02:46 NETWORKID: 2b588f38-d1bc-40bf-85fc-91397bc98465
2024/01/22 17:02:46 OWNINGBANKID: DEUTDEFF
2024/01/22 17:02:46 OWNINGBANKNAME: OwningBank
2024/01/22 17:02:46 =========================================================================================
2024/01/22 17:02:55 
2024/01/22 17:02:55                - - - - Alert-Transaction - - - -   
2024/01/22 17:02:55 FEEDBACK: e99a18c4-28cb-38d5-f260-853678922e03:e99a18c4-28cb-38d5-f260-853678922e03 GB98MIDL07009312345678 2b588f38-d1bc-40bf-85fc-91397bc98465 DEUTDEFF OwningBank
2024/01/22 17:02:55 NETWORKALERTID: e99a18c4-28cb-38d5-f260-853678922e03
2024/01/22 17:02:55 ACCOUNTID: GB98MIDL07009312345678
2024/01/22 17:02:55 NETWORKID: 2b588f38-d1bc-40bf-85fc-91397bc98465
2024/01/22 17:02:55 OWNINGBANKID: DEUTDEFF
2024/01/22 17:02:55 OWNINGBANKNAME: OwningBank
2024/01/22 17:02:55 =========================================================================================
2024/01/22 17:02:56 
2024/01/22 17:02:56                - - - - Alert-Transaction - - - -   
2024/01/22 17:02:56 FEEDBACK: e99a18c4-28cb-38d5-f260-853678922e03:e99a18c4-28cb-38d5-f260-853678922e03 GB98MIDL07009312345678 2b588f38-d1bc-40bf-85fc-91397bc98465 DEUTDEFF OwningBank
2024/01/22 17:02:56 NETWORKALERTID: e99a18c4-28cb-38d5-f260-853678922e03
2024/01/22 17:02:56 ACCOUNTID: GB98MIDL07009312345678
2024/01/22 17:02:56 NETWORKID: 2b588f38-d1bc-40bf-85fc-91397bc98465
2024/01/22 17:02:56 OWNINGBANKID: DEUTDEFF
2024/01/22 17:02:56 OWNINGBANKNAME: OwningBank
2024/01/22 17:02:56 =========================================================================================
2024/01/22 17:02:57 
2024/01/22 17:02:57                - - - - Alert-Transaction - - - -   
2024/01/22 17:02:57 FEEDBACK: e99a18c4-28cb-38d5-f260-853678922e03:e99a18c4-28cb-38d5-f260-853678922e03 GB98MIDL07009312345678 2b588f38-d1bc-40bf-85fc-91397bc98465 DEUTDEFF OwningBank
2024/01/22 17:02:57 NETWORKALERTID: e99a18c4-28cb-38d5-f260-853678922e03
2024/01/22 17:02:57 ACCOUNTID: GB98MIDL07009312345678
2024/01/22 17:02:57 NETWORKID: 2b588f38-d1bc-40bf-85fc-91397bc98465
2024/01/22 17:02:57 OWNINGBANKID: DEUTDEFF
2024/01/22 17:02:57 OWNINGBANKNAME: OwningBank
2024/01/22 17:02:57 =========================================================================================
2024/01/22 17:02:58 
2024/01/22 17:02:58                - - - - Alert-Transaction - - - -   
2024/01/22 17:02:58 FEEDBACK: e99a18c4-28cb-38d5-f260-853678922e03:e99a18c4-28cb-38d5-f260-853678922e03 GB98MIDL07009312345678 2b588f38-d1bc-40bf-85fc-91397bc98465 DEUTDEFF OwningBank
2024/01/22 17:02:58 NETWORKALERTID: e99a18c4-28cb-38d5-f260-853678922e03
2024/01/22 17:02:58 ACCOUNTID: GB98MIDL07009312345678
2024/01/22 17:02:58 NETWORKID: 2b588f38-d1bc-40bf-85fc-91397bc98465
2024/01/22 17:02:58 OWNINGBANKID: DEUTDEFF
2024/01/22 17:02:58 OWNINGBANKNAME: OwningBank
2024/01/22 17:02:58 =========================================================================================
2024/01/22 17:02:59 
2024/01/22 17:02:59                - - - - Alert-Transaction - - - -   
2024/01/22 17:02:59 FEEDBACK: e99a18c4-28cb-38d5-f260-853678922e03:e99a18c4-28cb-38d5-f260-853678922e03 GB98MIDL07009312345678 2b588f38-d1bc-40bf-85fc-91397bc98465 DEUTDEFF OwningBank
2024/01/22 17:02:59 NETWORKALERTID: e99a18c4-28cb-38d5-f260-853678922e03
2024/01/22 17:02:59 ACCOUNTID: GB98MIDL07009312345678
2024/01/22 17:02:59 NETWORKID: 2b588f38-d1bc-40bf-85fc-91397bc98465
2024/01/22 17:02:59 OWNINGBANKID: DEUTDEFF
2024/01/22 17:02:59 OWNINGBANKNAME: OwningBank
2024/01/22 17:02:59 =========================================================================================
