2024/01/19 11:52:10 
2024/01/19 11:52:10                - - - - Alert-Transaction - - - -   
2024/01/19 11:52:10 FEEDBACK: e99a18c4-28cb-38d5-f260-853678922e05:e99a18c4-28cb-38d5-f260-853678922e03 GB98MIDL07009312345678 2b588f38-d1bc-40bf-85fc-91397bc98465 DEUTDEFF OwningBank
2024/01/19 11:52:10 NETWORKALERTID: e99a18c4-28cb-38d5-f260-853678922e03
2024/01/19 11:52:10 ACCOUNTID: GB98MIDL07009312345678
2024/01/19 11:52:10 NETWORKID: 2b588f38-d1bc-40bf-85fc-91397bc98465
2024/01/19 11:52:10 OWNINGBANKID: DEUTDEFF
2024/01/19 11:52:10 OWNINGBANKNAME: OwningBank
2024/01/19 11:52:10 =========================================================================================
2024/01/19 11:52:13 
2024/01/19 11:52:13                - - - - Alert-Transaction - - - -   
2024/01/19 11:52:13 FEEDBACK: e99a18c4-28cb-38d5-f260-853678922e05:e99a18c4-28cb-38d5-f260-853678922e03 GB98MIDL07009312345678 2b588f38-d1bc-40bf-85fc-91397bc98465 DEUTDEFF OwningBank
2024/01/19 11:52:13 NETWORKALERTID: e99a18c4-28cb-38d5-f260-853678922e03
2024/01/19 11:52:13 ACCOUNTID: GB98MIDL07009312345678
2024/01/19 11:52:13 NETWORKID: 2b588f38-d1bc-40bf-85fc-91397bc98465
2024/01/19 11:52:13 OWNINGBANKID: DEUTDEFF
2024/01/19 11:52:13 OWNINGBANKNAME: OwningBank
2024/01/19 11:52:13 =========================================================================================
2024/01/19 13:04:08 
2024/01/19 13:04:08                - - - - Alert-Transaction - - - -   
2024/01/19 13:04:08 FEEDBACK: e99a18c4-28cb-38d5-f260-853678922e05:e99a18c4-28cb-38d5-f260-853678922e03 GB98MIDL07009312345678 2b588f38-d1bc-40bf-85fc-91397bc98465 DEUTDEFF OwningBank
2024/01/19 13:04:08 NETWORKALERTID: e99a18c4-28cb-38d5-f260-853678922e03
2024/01/19 13:04:08 ACCOUNTID: GB98MIDL07009312345678
2024/01/19 13:04:08 NETWORKID: 2b588f38-d1bc-40bf-85fc-91397bc98465
2024/01/19 13:04:08 OWNINGBANKID: DEUTDEFF
2024/01/19 13:04:08 OWNINGBANKNAME: OwningBank
2024/01/19 13:04:08 =========================================================================================
2024/01/19 13:24:41 
2024/01/19 13:24:41                - - - - Alert-Transaction - - - -   
2024/01/19 13:24:41 FEEDBACK: e99a18c4-28cb-38d5-f260-853678922e03:e99a18c4-28cb-38d5-f260-853678922e03 GB98MIDL07009312345678 2b588f38-d1bc-40bf-85fc-91397bc98465 DEUTDEFF OwningBank
2024/01/19 13:24:41 NETWORKALERTID: e99a18c4-28cb-38d5-f260-853678922e03
2024/01/19 13:24:41 ACCOUNTID: GB98MIDL07009312345678
2024/01/19 13:24:41 NETWORKID: 2b588f38-d1bc-40bf-85fc-91397bc98465
2024/01/19 13:24:41 OWNINGBANKID: DEUTDEFF
2024/01/19 13:24:41 OWNINGBANKNAME: OwningBank
2024/01/19 13:24:41 =========================================================================================
