2024/01/18 14:58:51 
2024/01/18 14:58:51                - - - - Alert-Transaction - - - -   
2024/01/18 14:58:51 FEEDBACK: e99a18c4-28cb-38d5-f260-853678922e05:e99a18c4-28cb-38d5-f260-853678922e03 GB98MIDL07009312345678 2b588f38-d1bc-40bf-85fc-91397bc98465 DEUTDEFF OwningBank
2024/01/18 14:58:51 NETWORKALERTID: e99a18c4-28cb-38d5-f260-853678922e03
2024/01/18 14:58:51 ACCOUNTID: GB98MIDL07009312345678
2024/01/18 14:58:51 NETWORKID: 2b588f38-d1bc-40bf-85fc-91397bc98465
2024/01/18 14:58:51 OWNINGBANKID: DEUTDEFF
2024/01/18 14:58:51 OWNINGBANKNAME: OwningBank
2024/01/18 14:58:51 =========================================================================================
2024/01/18 16:02:54 
2024/01/18 16:02:54                - - - - Alert-Transaction - - - -   
2024/01/18 16:02:54 FEEDBACK: e99a18c4-28cb-38d5-f260-853678922e03:e99a18c4-28cb-38d5-f260-853678922e03 GB98MIDL07009312345678 2b588f38-d1bc-40bf-85fc-91397bc98465 DEUTDEFF OwningBank
2024/01/18 16:02:54 NETWORKALERTID: e99a18c4-28cb-38d5-f260-853678922e03
2024/01/18 16:02:54 ACCOUNTID: GB98MIDL07009312345678
2024/01/18 16:02:54 NETWORKID: 2b588f38-d1bc-40bf-85fc-91397bc98465
2024/01/18 16:02:54 OWNINGBANKID: DEUTDEFF
2024/01/18 16:02:54 OWNINGBANKNAME: OwningBank
2024/01/18 16:02:54 =========================================================================================
2024/01/18 16:04:10 
2024/01/18 16:04:10                - - - - Alert-Transaction - - - -   
2024/01/18 16:04:10 FEEDBACK: e99a18c4-28cb-38d5-f260-853678922e03:e99a18c4-28cb-38d5-f260-853678922e03 GB98MIDL07009312345678 2b588f38-d1bc-40bf-85fc-91397bc98465 DEUTDEFF OwningBank
2024/01/18 16:04:10 NETWORKALERTID: e99a18c4-28cb-38d5-f260-853678922e03
2024/01/18 16:04:10 ACCOUNTID: GB98MIDL07009312345678
2024/01/18 16:04:10 NETWORKID: 2b588f38-d1bc-40bf-85fc-91397bc98465
2024/01/18 16:04:10 OWNINGBANKID: DEUTDEFF
2024/01/18 16:04:10 OWNINGBANKNAME: OwningBank
2024/01/18 16:04:10 =========================================================================================
2024/01/18 16:04:30 
2024/01/18 16:04:30                - - - - Alert-Transaction - - - -   
2024/01/18 16:04:30 FEEDBACK: e99a18c4-28cb-38d5-f260-853678922e03:e99a18c4-28cb-38d5-f260-853678922e03 GB98MIDL07009312345678 2b588f38-d1bc-40bf-85fc-91397bc98465 DEUTDEFF OwningBank
2024/01/18 16:04:30 NETWORKALERTID: e99a18c4-28cb-38d5-f260-853678922e03
2024/01/18 16:04:30 ACCOUNTID: GB98MIDL07009312345678
2024/01/18 16:04:30 NETWORKID: 2b588f38-d1bc-40bf-85fc-91397bc98465
2024/01/18 16:04:30 OWNINGBANKID: DEUTDEFF
2024/01/18 16:04:30 OWNINGBANKNAME: OwningBank
2024/01/18 16:04:30 =========================================================================================
2024/01/18 16:05:27 
2024/01/18 16:05:27                - - - - Alert-Transaction - - - -   
2024/01/18 16:05:27 FEEDBACK: e99a18c4-28cb-38d5-f260-853678922e05:e99a18c4-28cb-38d5-f260-853678922e03 GB98MIDL07009312345678 2b588f38-d1bc-40bf-85fc-91397bc98465 DEUTDEFF OwningBank
2024/01/18 16:05:27 NETWORKALERTID: e99a18c4-28cb-38d5-f260-853678922e03
2024/01/18 16:05:27 ACCOUNTID: GB98MIDL07009312345678
2024/01/18 16:05:27 NETWORKID: 2b588f38-d1bc-40bf-85fc-91397bc98465
2024/01/18 16:05:27 OWNINGBANKID: DEUTDEFF
2024/01/18 16:05:27 OWNINGBANKNAME: OwningBank
2024/01/18 16:05:27 =========================================================================================
2024/01/18 16:05:29 
2024/01/18 16:05:29                - - - - Alert-Transaction - - - -   
2024/01/18 16:05:29 FEEDBACK: e99a18c4-28cb-38d5-f260-853678922e05:e99a18c4-28cb-38d5-f260-853678922e03 GB98MIDL07009312345678 2b588f38-d1bc-40bf-85fc-91397bc98465 DEUTDEFF OwningBank
2024/01/18 16:05:29 NETWORKALERTID: e99a18c4-28cb-38d5-f260-853678922e03
2024/01/18 16:05:29 ACCOUNTID: GB98MIDL07009312345678
2024/01/18 16:05:29 NETWORKID: 2b588f38-d1bc-40bf-85fc-91397bc98465
2024/01/18 16:05:29 OWNINGBANKID: DEUTDEFF
2024/01/18 16:05:29 OWNINGBANKNAME: OwningBank
2024/01/18 16:05:29 =========================================================================================
2024/01/18 16:06:12 
2024/01/18 16:06:12                - - - - Alert-Transaction - - - -   
2024/01/18 16:06:12 FEEDBACK: e99a18c4-28cb-38d5-f260-853678922e05:e99a18c4-28cb-38d5-f260-853678922e03 GB98MIDL07009312345678 2b588f38-d1bc-40bf-85fc-91397bc98465 DEUTDEFF OwningBank
2024/01/18 16:06:12 NETWORKALERTID: e99a18c4-28cb-38d5-f260-853678922e03
2024/01/18 16:06:12 ACCOUNTID: GB98MIDL07009312345678
2024/01/18 16:06:12 NETWORKID: 2b588f38-d1bc-40bf-85fc-91397bc98465
2024/01/18 16:06:12 OWNINGBANKID: DEUTDEFF
2024/01/18 16:06:12 OWNINGBANKNAME: OwningBank
2024/01/18 16:06:12 =========================================================================================
2024/01/18 16:12:29 
2024/01/18 16:12:29                - - - - Alert-Transaction - - - -   
2024/01/18 16:12:29 FEEDBACK: e99a18c4-28cb-38d5-f260-853678922e05:e99a18c4-28cb-38d5-f260-853678922e03 GB98MIDL07009312345678 2b588f38-d1bc-40bf-85fc-91397bc98465 DEUTDEFF OwningBank
2024/01/18 16:12:29 NETWORKALERTID: e99a18c4-28cb-38d5-f260-853678922e03
2024/01/18 16:12:29 ACCOUNTID: GB98MIDL07009312345678
2024/01/18 16:12:29 NETWORKID: 2b588f38-d1bc-40bf-85fc-91397bc98465
2024/01/18 16:12:29 OWNINGBANKID: DEUTDEFF
2024/01/18 16:12:29 OWNINGBANKNAME: OwningBank
2024/01/18 16:12:29 =========================================================================================
